current directory: /Users/checkra1n/.gem/ruby/3.3.0/gems/json-2.8.2/ext/json/ext/parser
/opt/homebrew/Cellar/ruby/3.3.6/bin/ruby extconf.rb
checking for rb_enc_interned_str() in ruby.h... yes
checking for rb_hash_new_capa() in ruby.h... yes
checking for rb_gc_mark_locations() in ruby.h... yes
checking for rb_hash_bulk_insert() in ruby.h... yes
checking for rb_category_warn() in ruby.h... yes
checking for whether -std=c99 is accepted as CFLAGS... yes
creating Makefile

current directory: /Users/checkra1n/.gem/ruby/3.3.0/gems/json-2.8.2/ext/json/ext/parser
make DESTDIR\= sitearchdir\=./.gem.20241116-52602-o45ct1 sitelibdir\=./.gem.20241116-52602-o45ct1 clean

current directory: /Users/checkra1n/.gem/ruby/3.3.0/gems/json-2.8.2/ext/json/ext/parser
make DESTDIR\= sitearchdir\=./.gem.20241116-52602-o45ct1 sitelibdir\=./.gem.20241116-52602-o45ct1
compiling parser.c
linking shared-object json/ext/parser.bundle

current directory: /Users/checkra1n/.gem/ruby/3.3.0/gems/json-2.8.2/ext/json/ext/parser
make DESTDIR\= sitearchdir\=./.gem.20241116-52602-o45ct1 sitelibdir\=./.gem.20241116-52602-o45ct1 install
/usr/bin/install -c -m 0755 parser.bundle ./.gem.20241116-52602-o45ct1/json/ext

current directory: /Users/checkra1n/.gem/ruby/3.3.0/gems/json-2.8.2/ext/json/ext/parser
make DESTDIR\= sitearchdir\=./.gem.20241116-52602-o45ct1 sitelibdir\=./.gem.20241116-52602-o45ct1 clean
