current directory: /Users/checkra1n/.gem/ruby/3.3.0/gems/date-3.4.0/ext/date
/opt/homebrew/opt/ruby/bin/ruby extconf.rb
checking for rb_category_warn()... yes
checking for timezone in time.h with  -Werror... yes
checking for altzone in time.h with  -Werror... no
creating Makefile

current directory: /Users/checkra1n/.gem/ruby/3.3.0/gems/date-3.4.0/ext/date
make DESTDIR\= sitearchdir\=./.gem.20241104-17344-9bkmsb sitelibdir\=./.gem.20241104-17344-9bkmsb clean

current directory: /Users/checkra1n/.gem/ruby/3.3.0/gems/date-3.4.0/ext/date
make DESTDIR\= sitearchdir\=./.gem.20241104-17344-9bkmsb sitelibdir\=./.gem.20241104-17344-9bkmsb
compiling date_core.c
compiling date_parse.c
compiling date_strftime.c
compiling date_strptime.c
linking shared-object date_core.bundle

current directory: /Users/checkra1n/.gem/ruby/3.3.0/gems/date-3.4.0/ext/date
make DESTDIR\= sitearchdir\=./.gem.20241104-17344-9bkmsb sitelibdir\=./.gem.20241104-17344-9bkmsb install
/usr/bin/install -c -m 0755 date_core.bundle ./.gem.20241104-17344-9bkmsb

current directory: /Users/checkra1n/.gem/ruby/3.3.0/gems/date-3.4.0/ext/date
make DESTDIR\= sitearchdir\=./.gem.20241104-17344-9bkmsb sitelibdir\=./.gem.20241104-17344-9bkmsb clean
