current directory: /Users/checkra1n/.gem/ruby/3.3.0/gems/zlib-3.2.0/ext/zlib
/opt/homebrew/Cellar/ruby/3.3.6/bin/ruby extconf.rb
checking for deflateReset(NULL) in -lz... yes
checking for crc32_combine() in zlib.h... yes
checking for adler32_combine() in zlib.h... yes
checking for z_crc_t in zlib.h... yes
checking for z_size_t in zlib.h... yes
checking for crc32_z() in zlib.h... yes
checking for adler32_z() in zlib.h... yes
creating Makefile

current directory: /Users/checkra1n/.gem/ruby/3.3.0/gems/zlib-3.2.0/ext/zlib
make DESTDIR\= sitearchdir\=./.gem.20241113-3992-ylfrp8 sitelibdir\=./.gem.20241113-3992-ylfrp8 clean

current directory: /Users/checkra1n/.gem/ruby/3.3.0/gems/zlib-3.2.0/ext/zlib
make DESTDIR\= sitearchdir\=./.gem.20241113-3992-ylfrp8 sitelibdir\=./.gem.20241113-3992-ylfrp8
compiling zlib.c
linking shared-object zlib.bundle

current directory: /Users/checkra1n/.gem/ruby/3.3.0/gems/zlib-3.2.0/ext/zlib
make DESTDIR\= sitearchdir\=./.gem.20241113-3992-ylfrp8 sitelibdir\=./.gem.20241113-3992-ylfrp8 install
/usr/bin/install -c -m 0755 zlib.bundle ./.gem.20241113-3992-ylfrp8

current directory: /Users/checkra1n/.gem/ruby/3.3.0/gems/zlib-3.2.0/ext/zlib
make DESTDIR\= sitearchdir\=./.gem.20241113-3992-ylfrp8 sitelibdir\=./.gem.20241113-3992-ylfrp8 clean
